TN:
SF:src/calc.js
FN:1,add
FN:5,clamp
FN:15,neverRan
FNDA:1,add
FNDA:3,clamp
FNDA:0,neverRan
FNF:3
FNH:2
BRDA:1,0,0,1
BRDA:1,1,0,1
BRDA:5,2,0,3
BRDA:6,3,0,1
BRDA:8,4,0,2
BRDA:9,5,0,1
BRF:6
BRH:6
DA:1,1
DA:2,1
DA:3,1
DA:4,1
DA:5,1
DA:6,3
DA:7,1
DA:8,1
DA:9,3
DA:10,1
DA:11,1
DA:12,1
DA:13,3
DA:14,1
DA:15,1
DA:16,0
DA:17,0
DA:18,0
DA:19,0
DA:20,0
LH:15
LF:20
end_of_record
SF:test/calc.test.js
FN:5,anonymous_0
FN:9,anonymous_1
FNDA:1,anonymous_0
FNDA:1,anonymous_1
FNF:2
FNH:2
BRDA:1,0,0,1
BRDA:5,1,0,1
BRDA:9,2,0,1
BRF:3
BRH:3
DA:1,1
DA:2,1
DA:3,1
DA:4,1
DA:5,1
DA:6,1
DA:7,1
DA:8,1
DA:9,1
DA:10,1
DA:11,1
DA:12,1
DA:13,1
LH:13
LF:13
end_of_record
